{"C:\\Users\\Usuario\\Desktop\\api_Libros\\api_libros\\src\\app.js": {"path":"C:\\Users\\Usuario\\Desktop\\api_Libros\\api_libros\\src\\app.js","statementMap":{"0":{"start":{"line":1,"column":16},"end":{"line":1,"column":34}},"1":{"start":{"line":3,"column":17},"end":{"line":3,"column":53}},"2":{"start":{"line":4,"column":21},"end":{"line":4,"column":57}},"3":{"start":{"line":7,"column":0},"end":{"line":7,"column":27}},"4":{"start":{"line":10,"column":22},"end":{"line":14,"column":2}},"5":{"start":{"line":17,"column":12},"end":{"line":17,"column":21}},"6":{"start":{"line":18,"column":0},"end":{"line":18,"column":24}},"7":{"start":{"line":21,"column":21},"end":{"line":21,"column":47}},"8":{"start":{"line":24,"column":0},"end":{"line":24,"column":53}},"9":{"start":{"line":26,"column":0},"end":{"line":26,"column":22}},"10":{"start":{"line":28,"column":0},"end":{"line":30,"column":3}},"11":{"start":{"line":29,"column":2},"end":{"line":29,"column":53}},"12":{"start":{"line":32,"column":0},"end":{"line":32,"column":21}}},"fnMap":{"0":{"name":"(anonymous_0)","decl":{"start":{"line":28,"column":17},"end":{"line":28,"column":18}},"loc":{"start":{"line":28,"column":23},"end":{"line":30,"column":1}},"line":28}},"branchMap":{},"s":{"0":1,"1":1,"2":1,"3":1,"4":1,"5":1,"6":1,"7":1,"8":1,"9":1,"10":1,"11":1,"12":1},"f":{"0":1},"b":{},"_coverageSchema":"1a1c01bbd47fc00a2c39e90264f33305004495a9","hash":"04a36bade2d2459ea33d5abf734e3454417b0b44"}
,"C:\\Users\\Usuario\\Desktop\\api_Libros\\api_libros\\src\\controllers\\libroController.js": {"path":"C:\\Users\\Usuario\\Desktop\\api_Libros\\api_libros\\src\\controllers\\libroController.js","statementMap":{"0":{"start":{"line":1,"column":14},"end":{"line":1,"column":45}},"1":{"start":{"line":3,"column":0},"end":{"line":15,"column":2}},"2":{"start":{"line":4,"column":2},"end":{"line":14,"column":3}},"3":{"start":{"line":5,"column":17},"end":{"line":5,"column":49}},"4":{"start":{"line":6,"column":4},"end":{"line":10,"column":5}},"5":{"start":{"line":7,"column":18},"end":{"line":7,"column":58}},"6":{"start":{"line":8,"column":6},"end":{"line":8,"column":25}},"7":{"start":{"line":9,"column":6},"end":{"line":9,"column":18}},"8":{"start":{"line":11,"column":4},"end":{"line":11,"column":33}},"9":{"start":{"line":13,"column":4},"end":{"line":13,"column":14}},"10":{"start":{"line":17,"column":0},"end":{"line":27,"column":2}},"11":{"start":{"line":18,"column":2},"end":{"line":26,"column":3}},"12":{"start":{"line":19,"column":15},"end":{"line":19,"column":38}},"13":{"start":{"line":20,"column":4},"end":{"line":20,"column":18}},"14":{"start":{"line":21,"column":16},"end":{"line":21,"column":48}},"15":{"start":{"line":22,"column":4},"end":{"line":22,"column":28}},"16":{"start":{"line":23,"column":4},"end":{"line":23,"column":32}},"17":{"start":{"line":25,"column":4},"end":{"line":25,"column":14}},"18":{"start":{"line":29,"column":0},"end":{"line":47,"column":2}},"19":{"start":{"line":30,"column":2},"end":{"line":46,"column":3}},"20":{"start":{"line":31,"column":30},"end":{"line":31,"column":38}},"21":{"start":{"line":32,"column":4},"end":{"line":32,"column":32}},"22":{"start":{"line":33,"column":19},"end":{"line":33,"column":37}},"23":{"start":{"line":34,"column":17},"end":{"line":34,"column":36}},"24":{"start":{"line":35,"column":17},"end":{"line":35,"column":21}},"25":{"start":{"line":36,"column":16},"end":{"line":41,"column":8}},"26":{"start":{"line":43,"column":4},"end":{"line":43,"column":32}},"27":{"start":{"line":45,"column":4},"end":{"line":45,"column":14}},"28":{"start":{"line":49,"column":0},"end":{"line":65,"column":2}},"29":{"start":{"line":50,"column":2},"end":{"line":64,"column":3}},"30":{"start":{"line":51,"column":30},"end":{"line":51,"column":38}},"31":{"start":{"line":52,"column":15},"end":{"line":52,"column":38}},"32":{"start":{"line":53,"column":4},"end":{"line":53,"column":32}},"33":{"start":{"line":54,"column":4},"end":{"line":54,"column":18}},"34":{"start":{"line":55,"column":16},"end":{"line":59,"column":5}},"35":{"start":{"line":60,"column":4},"end":{"line":60,"column":28}},"36":{"start":{"line":61,"column":4},"end":{"line":61,"column":32}},"37":{"start":{"line":63,"column":4},"end":{"line":63,"column":14}},"38":{"start":{"line":67,"column":0},"end":{"line":81,"column":2}},"39":{"start":{"line":68,"column":2},"end":{"line":80,"column":3}},"40":{"start":{"line":69,"column":15},"end":{"line":69,"column":38}},"41":{"start":{"line":70,"column":4},"end":{"line":70,"column":18}},"42":{"start":{"line":71,"column":16},"end":{"line":75,"column":5}},"43":{"start":{"line":76,"column":4},"end":{"line":76,"column":28}},"44":{"start":{"line":77,"column":4},"end":{"line":77,"column":32}},"45":{"start":{"line":79,"column":4},"end":{"line":79,"column":14}},"46":{"start":{"line":83,"column":16},"end":{"line":89,"column":1}},"47":{"start":{"line":84,"column":2},"end":{"line":88,"column":3}},"48":{"start":{"line":85,"column":16},"end":{"line":85,"column":64}},"49":{"start":{"line":86,"column":4},"end":{"line":86,"column":23}},"50":{"start":{"line":87,"column":4},"end":{"line":87,"column":16}},"51":{"start":{"line":91,"column":19},"end":{"line":106,"column":1}},"52":{"start":{"line":92,"column":2},"end":{"line":98,"column":3}},"53":{"start":{"line":93,"column":16},"end":{"line":95,"column":5}},"54":{"start":{"line":96,"column":4},"end":{"line":96,"column":23}},"55":{"start":{"line":97,"column":4},"end":{"line":97,"column":16}},"56":{"start":{"line":99,"column":2},"end":{"line":105,"column":3}},"57":{"start":{"line":100,"column":16},"end":{"line":102,"column":5}},"58":{"start":{"line":103,"column":4},"end":{"line":103,"column":23}},"59":{"start":{"line":104,"column":4},"end":{"line":104,"column":16}},"60":{"start":{"line":108,"column":19},"end":{"line":114,"column":1}},"61":{"start":{"line":109,"column":4},"end":{"line":113,"column":7}},"62":{"start":{"line":110,"column":20},"end":{"line":110,"column":80}},"63":{"start":{"line":111,"column":8},"end":{"line":111,"column":27}},"64":{"start":{"line":112,"column":8},"end":{"line":112,"column":20}}},"fnMap":{"0":{"name":"(anonymous_0)","decl":{"start":{"line":3,"column":23},"end":{"line":3,"column":24}},"loc":{"start":{"line":3,"column":49},"end":{"line":15,"column":1}},"line":3},"1":{"name":"(anonymous_1)","decl":{"start":{"line":17,"column":23},"end":{"line":17,"column":24}},"loc":{"start":{"line":17,"column":49},"end":{"line":27,"column":1}},"line":17},"2":{"name":"(anonymous_2)","decl":{"start":{"line":29,"column":22},"end":{"line":29,"column":23}},"loc":{"start":{"line":29,"column":48},"end":{"line":47,"column":1}},"line":29},"3":{"name":"(anonymous_3)","decl":{"start":{"line":49,"column":22},"end":{"line":49,"column":23}},"loc":{"start":{"line":49,"column":48},"end":{"line":65,"column":1}},"line":49},"4":{"name":"(anonymous_4)","decl":{"start":{"line":67,"column":22},"end":{"line":67,"column":23}},"loc":{"start":{"line":67,"column":48},"end":{"line":81,"column":1}},"line":67},"5":{"name":"(anonymous_5)","decl":{"start":{"line":83,"column":16},"end":{"line":83,"column":17}},"loc":{"start":{"line":83,"column":24},"end":{"line":89,"column":1}},"line":83},"6":{"name":"(anonymous_6)","decl":{"start":{"line":91,"column":19},"end":{"line":91,"column":20}},"loc":{"start":{"line":91,"column":38},"end":{"line":106,"column":1}},"line":91},"7":{"name":"(anonymous_7)","decl":{"start":{"line":108,"column":19},"end":{"line":108,"column":20}},"loc":{"start":{"line":108,"column":33},"end":{"line":114,"column":1}},"line":108}},"branchMap":{"0":{"loc":{"start":{"line":6,"column":4},"end":{"line":10,"column":5}},"type":"if","locations":[{"start":{"line":6,"column":4},"end":{"line":10,"column":5}},{"start":{},"end":{}}],"line":6},"1":{"loc":{"start":{"line":84,"column":2},"end":{"line":88,"column":3}},"type":"if","locations":[{"start":{"line":84,"column":2},"end":{"line":88,"column":3}},{"start":{},"end":{}}],"line":84},"2":{"loc":{"start":{"line":92,"column":2},"end":{"line":98,"column":3}},"type":"if","locations":[{"start":{"line":92,"column":2},"end":{"line":98,"column":3}},{"start":{},"end":{}}],"line":92},"3":{"loc":{"start":{"line":92,"column":6},"end":{"line":92,"column":48}},"type":"binary-expr","locations":[{"start":{"line":92,"column":6},"end":{"line":92,"column":13}},{"start":{"line":92,"column":17},"end":{"line":92,"column":48}}],"line":92},"4":{"loc":{"start":{"line":99,"column":2},"end":{"line":105,"column":3}},"type":"if","locations":[{"start":{"line":99,"column":2},"end":{"line":105,"column":3}},{"start":{},"end":{}}],"line":99},"5":{"loc":{"start":{"line":99,"column":6},"end":{"line":99,"column":46}},"type":"binary-expr","locations":[{"start":{"line":99,"column":6},"end":{"line":99,"column":12}},{"start":{"line":99,"column":16},"end":{"line":99,"column":46}}],"line":99},"6":{"loc":{"start":{"line":109,"column":4},"end":{"line":113,"column":7}},"type":"if","locations":[{"start":{"line":109,"column":4},"end":{"line":113,"column":7}},{"start":{},"end":{}}],"line":109}},"s":{"0":2,"1":2,"2":2,"3":2,"4":2,"5":0,"6":0,"7":0,"8":2,"9":0,"10":2,"11":1,"12":1,"13":1,"14":1,"15":1,"16":1,"17":0,"18":2,"19":2,"20":2,"21":2,"22":2,"23":2,"24":2,"25":2,"26":2,"27":0,"28":2,"29":1,"30":1,"31":1,"32":1,"33":1,"34":1,"35":1,"36":1,"37":0,"38":2,"39":1,"40":1,"41":1,"42":1,"43":1,"44":1,"45":0,"46":2,"47":3,"48":0,"49":0,"50":0,"51":2,"52":3,"53":0,"54":0,"55":0,"56":3,"57":0,"58":0,"59":0,"60":2,"61":3,"62":0,"63":0,"64":0},"f":{"0":2,"1":1,"2":2,"3":1,"4":1,"5":3,"6":3,"7":3},"b":{"0":[0,2],"1":[0,3],"2":[0,3],"3":[3,3],"4":[0,3],"5":[3,3],"6":[0,3]},"_coverageSchema":"1a1c01bbd47fc00a2c39e90264f33305004495a9","hash":"7b4e79ab4292799347a00e13d92a680a3d890a17"}
,"C:\\Users\\Usuario\\Desktop\\api_Libros\\api_libros\\src\\middlework\\errorHandler.js": {"path":"C:\\Users\\Usuario\\Desktop\\api_Libros\\api_libros\\src\\middlework\\errorHandler.js","statementMap":{"0":{"start":{"line":1,"column":21},"end":{"line":8,"column":1}},"1":{"start":{"line":3,"column":2},"end":{"line":3,"column":21}},"2":{"start":{"line":5,"column":2},"end":{"line":7,"column":60}},"3":{"start":{"line":10,"column":0},"end":{"line":10,"column":30}}},"fnMap":{"0":{"name":"(anonymous_0)","decl":{"start":{"line":1,"column":21},"end":{"line":1,"column":22}},"loc":{"start":{"line":1,"column":46},"end":{"line":8,"column":1}},"line":1}},"branchMap":{"0":{"loc":{"start":{"line":6,"column":12},"end":{"line":6,"column":29}},"type":"binary-expr","locations":[{"start":{"line":6,"column":12},"end":{"line":6,"column":22}},{"start":{"line":6,"column":26},"end":{"line":6,"column":29}}],"line":6},"1":{"loc":{"start":{"line":7,"column":19},"end":{"line":7,"column":56}},"type":"binary-expr","locations":[{"start":{"line":7,"column":19},"end":{"line":7,"column":30}},{"start":{"line":7,"column":34},"end":{"line":7,"column":56}}],"line":7}},"s":{"0":1,"1":0,"2":0,"3":1},"f":{"0":0},"b":{"0":[0,0],"1":[0,0]},"_coverageSchema":"1a1c01bbd47fc00a2c39e90264f33305004495a9","hash":"38b1f07be624b9bd1d5cd5854bc46251045dfd22"}
,"C:\\Users\\Usuario\\Desktop\\api_Libros\\api_libros\\src\\models\\libroModel.js": {"path":"C:\\Users\\Usuario\\Desktop\\api_Libros\\api_libros\\src\\models\\libroModel.js","statementMap":{"0":{"start":{"line":1,"column":17},"end":{"line":1,"column":36}},"1":{"start":{"line":3,"column":0},"end":{"line":6,"column":3}},"2":{"start":{"line":8,"column":21},"end":{"line":13,"column":26}},"3":{"start":{"line":15,"column":14},"end":{"line":15,"column":51}},"4":{"start":{"line":17,"column":0},"end":{"line":17,"column":23}}},"fnMap":{},"branchMap":{},"s":{"0":2,"1":2,"2":2,"3":2,"4":2},"f":{},"b":{},"_coverageSchema":"1a1c01bbd47fc00a2c39e90264f33305004495a9","hash":"88d5becc73cc70285bc075a81d955ab46907d77c"}
,"C:\\Users\\Usuario\\Desktop\\api_Libros\\api_libros\\src\\routes\\libros.js": {"path":"C:\\Users\\Usuario\\Desktop\\api_Libros\\api_libros\\src\\routes\\libros.js","statementMap":{"0":{"start":{"line":1,"column":16},"end":{"line":1,"column":34}},"1":{"start":{"line":2,"column":15},"end":{"line":2,"column":31}},"2":{"start":{"line":4,"column":77},"end":{"line":4,"column":118}},"3":{"start":{"line":8,"column":27},"end":{"line":8,"column":63}},"4":{"start":{"line":11,"column":0},"end":{"line":11,"column":61}},"5":{"start":{"line":14,"column":0},"end":{"line":14,"column":64}},"6":{"start":{"line":17,"column":0},"end":{"line":17,"column":62}},"7":{"start":{"line":20,"column":0},"end":{"line":20,"column":64}},"8":{"start":{"line":23,"column":0},"end":{"line":23,"column":67}},"9":{"start":{"line":25,"column":0},"end":{"line":25,"column":24}}},"fnMap":{},"branchMap":{},"s":{"0":1,"1":1,"2":1,"3":1,"4":1,"5":1,"6":1,"7":1,"8":1,"9":1},"f":{},"b":{},"_coverageSchema":"1a1c01bbd47fc00a2c39e90264f33305004495a9","hash":"49e3fe59b66ddbb19a8c14d03081b1fbf12fbc77"}
}
