TN:
SF:src\app.js
FN:28,(anonymous_0)
FNF:1
FNH:1
FNDA:1,(anonymous_0)
DA:1,1
DA:3,1
DA:4,1
DA:7,1
DA:10,1
DA:17,1
DA:18,1
DA:21,1
DA:24,1
DA:26,1
DA:28,1
DA:29,1
DA:32,1
LF:13
LH:13
BRF:0
BRH:0
end_of_record
TN:
SF:src\controllers\libroController.js
FN:3,(anonymous_0)
FN:17,(anonymous_1)
FN:29,(anonymous_2)
FN:49,(anonymous_3)
FN:67,(anonymous_4)
FN:83,(anonymous_5)
FN:91,(anonymous_6)
FN:108,(anonymous_7)
FNF:8
FNH:8
FNDA:2,(anonymous_0)
FNDA:1,(anonymous_1)
FNDA:2,(anonymous_2)
FNDA:1,(anonymous_3)
FNDA:1,(anonymous_4)
FNDA:3,(anonymous_5)
FNDA:3,(anonymous_6)
FNDA:3,(anonymous_7)
DA:1,2
DA:3,2
DA:4,2
DA:5,2
DA:6,2
DA:7,0
DA:8,0
DA:9,0
DA:11,2
DA:13,0
DA:17,2
DA:18,1
DA:19,1
DA:20,1
DA:21,1
DA:22,1
DA:23,1
DA:25,0
DA:29,2
DA:30,2
DA:31,2
DA:32,2
DA:33,2
DA:34,2
DA:35,2
DA:36,2
DA:43,2
DA:45,0
DA:49,2
DA:50,1
DA:51,1
DA:52,1
DA:53,1
DA:54,1
DA:55,1
DA:60,1
DA:61,1
DA:63,0
DA:67,2
DA:68,1
DA:69,1
DA:70,1
DA:71,1
DA:76,1
DA:77,1
DA:79,0
DA:83,2
DA:84,3
DA:85,0
DA:86,0
DA:87,0
DA:91,2
DA:92,3
DA:93,0
DA:96,0
DA:97,0
DA:99,3
DA:100,0
DA:103,0
DA:104,0
DA:108,2
DA:109,3
DA:110,0
DA:111,0
DA:112,0
LF:65
LH:45
BRDA:6,0,0,0
BRDA:6,0,1,2
BRDA:84,1,0,0
BRDA:84,1,1,3
BRDA:92,2,0,0
BRDA:92,2,1,3
BRDA:92,3,0,3
BRDA:92,3,1,3
BRDA:99,4,0,0
BRDA:99,4,1,3
BRDA:99,5,0,3
BRDA:99,5,1,3
BRDA:109,6,0,0
BRDA:109,6,1,3
BRF:14
BRH:9
end_of_record
TN:
SF:src\middlework\errorHandler.js
FN:1,(anonymous_0)
FNF:1
FNH:0
FNDA:0,(anonymous_0)
DA:1,1
DA:3,0
DA:5,0
DA:10,1
LF:4
LH:2
BRDA:6,0,0,0
BRDA:6,0,1,0
BRDA:7,1,0,0
BRDA:7,1,1,0
BRF:4
BRH:0
end_of_record
TN:
SF:src\models\libroModel.js
FNF:0
FNH:0
DA:1,2
DA:3,2
DA:8,2
DA:15,2
DA:17,2
LF:5
LH:5
BRF:0
BRH:0
end_of_record
TN:
SF:src\routes\libros.js
FNF:0
FNH:0
DA:1,1
DA:2,1
DA:4,1
DA:8,1
DA:11,1
DA:14,1
DA:17,1
DA:20,1
DA:23,1
DA:25,1
LF:10
LH:10
BRF:0
BRH:0
end_of_record
